<?xml version="1.0" encoding="UTF-8"?>
<testsuite xmlns:xsi="http://www.w3.org/2001/XMLSchema-instance" xsi:noNamespaceSchemaLocation="https://maven.apache.org/surefire/maven-surefire-plugin/xsd/surefire-test-report-3.0.xsd" version="3.0" name="cucumber.Options.TestRunner" time="4.949" tests="3" errors="0" skipped="0" failures="0">
  <properties>
    <property name="java.specification.version" value="17"/>
    <property name="sun.cpu.isalist" value="amd64"/>
    <property name="sun.jnu.encoding" value="Cp1252"/>
    <property name="java.class.path" value="C:\Users\Deepak Kumar\eclipse-workspace\NGMP\target\test-classes;C:\Users\Deepak Kumar\eclipse-workspace\NGMP\target\classes;C:\Users\Deepak Kumar\.m2\repository\io\cucumber\cucumber-java\7.15.0\cucumber-java-7.15.0.jar;C:\Users\Deepak Kumar\.m2\repository\io\cucumber\cucumber-core\7.15.0\cucumber-core-7.15.0.jar;C:\Users\Deepak Kumar\.m2\repository\io\cucumber\cucumber-gherkin\7.15.0\cucumber-gherkin-7.15.0.jar;C:\Users\Deepak Kumar\.m2\repository\io\cucumber\cucumber-gherkin-messages\7.15.0\cucumber-gherkin-messages-7.15.0.jar;C:\Users\Deepak Kumar\.m2\repository\io\cucumber\gherkin\26.2.0\gherkin-26.2.0.jar;C:\Users\Deepak Kumar\.m2\repository\io\cucumber\messages\22.0.0\messages-22.0.0.jar;C:\Users\Deepak Kumar\.m2\repository\io\cucumber\tag-expressions\6.0.0\tag-expressions-6.0.0.jar;C:\Users\Deepak Kumar\.m2\repository\io\cucumber\cucumber-expressions\17.0.1\cucumber-expressions-17.0.1.jar;C:\Users\Deepak Kumar\.m2\repository\io\cucumber\datatable\7.15.0\datatable-7.15.0.jar;C:\Users\Deepak Kumar\.m2\repository\io\cucumber\cucumber-plugin\7.15.0\cucumber-plugin-7.15.0.jar;C:\Users\Deepak Kumar\.m2\repository\io\cucumber\docstring\7.15.0\docstring-7.15.0.jar;C:\Users\Deepak Kumar\.m2\repository\io\cucumber\html-formatter\20.4.0\html-formatter-20.4.0.jar;C:\Users\Deepak Kumar\.m2\repository\io\cucumber\junit-xml-formatter\0.2.0\junit-xml-formatter-0.2.0.jar;C:\Users\Deepak Kumar\.m2\repository\io\cucumber\ci-environment\10.0.0\ci-environment-10.0.0.jar;C:\Users\Deepak Kumar\.m2\repository\org\apiguardian\apiguardian-api\1.1.2\apiguardian-api-1.1.2.jar;C:\Users\Deepak Kumar\.m2\repository\io\cucumber\cucumber-junit\7.15.0\cucumber-junit-7.15.0.jar;C:\Users\Deepak Kumar\.m2\repository\junit\junit\4.13.2\junit-4.13.2.jar;C:\Users\Deepak Kumar\.m2\repository\org\hamcrest\hamcrest-core\1.3\hamcrest-core-1.3.jar;C:\Users\Deepak Kumar\.m2\repository\io\rest-assured\rest-assured\5.4.0\rest-assured-5.4.0.jar;C:\Users\Deepak Kumar\.m2\repository\org\apache\groovy\groovy\4.0.16\groovy-4.0.16.jar;C:\Users\Deepak Kumar\.m2\repository\org\apache\groovy\groovy-xml\4.0.16\groovy-xml-4.0.16.jar;C:\Users\Deepak Kumar\.m2\repository\org\apache\httpcomponents\httpclient\4.5.13\httpclient-4.5.13.jar;C:\Users\Deepak Kumar\.m2\repository\org\apache\httpcomponents\httpcore\4.4.13\httpcore-4.4.13.jar;C:\Users\Deepak Kumar\.m2\repository\commons-logging\commons-logging\1.2\commons-logging-1.2.jar;C:\Users\Deepak Kumar\.m2\repository\commons-codec\commons-codec\1.11\commons-codec-1.11.jar;C:\Users\Deepak Kumar\.m2\repository\org\apache\httpcomponents\httpmime\4.5.13\httpmime-4.5.13.jar;C:\Users\Deepak Kumar\.m2\repository\org\ccil\cowan\tagsoup\tagsoup\1.2.1\tagsoup-1.2.1.jar;C:\Users\Deepak Kumar\.m2\repository\io\rest-assured\json-path\5.4.0\json-path-5.4.0.jar;C:\Users\Deepak Kumar\.m2\repository\org\apache\groovy\groovy-json\4.0.16\groovy-json-4.0.16.jar;C:\Users\Deepak Kumar\.m2\repository\io\rest-assured\rest-assured-common\5.4.0\rest-assured-common-5.4.0.jar;C:\Users\Deepak Kumar\.m2\repository\io\rest-assured\xml-path\5.4.0\xml-path-5.4.0.jar;C:\Users\Deepak Kumar\.m2\repository\org\apache\commons\commons-lang3\3.11\commons-lang3-3.11.jar;C:\Users\Deepak Kumar\.m2\repository\com\fasterxml\jackson\core\jackson-databind\2.16.1\jackson-databind-2.16.1.jar;C:\Users\Deepak Kumar\.m2\repository\com\fasterxml\jackson\core\jackson-annotations\2.16.1\jackson-annotations-2.16.1.jar;C:\Users\Deepak Kumar\.m2\repository\com\fasterxml\jackson\core\jackson-core\2.16.1\jackson-core-2.16.1.jar;C:\Users\Deepak Kumar\.m2\repository\org\junit\jupiter\junit-jupiter-api\5.10.2\junit-jupiter-api-5.10.2.jar;C:\Users\Deepak Kumar\.m2\repository\org\opentest4j\opentest4j\1.3.0\opentest4j-1.3.0.jar;C:\Users\Deepak Kumar\.m2\repository\org\junit\platform\junit-platform-commons\1.10.2\junit-platform-commons-1.10.2.jar;C:\Users\Deepak Kumar\.m2\repository\com\google\code\gson\gson\2.8.7\gson-2.8.7.jar;C:\Users\Deepak Kumar\.m2\repository\org\hamcrest\hamcrest\2.2\hamcrest-2.2.jar;C:\Users\Deepak Kumar\.m2\repository\bdd\APIFramework\0.0.1-SNAPSHOT\APIFramework-0.0.1-SNAPSHOT.jar;C:\Users\Deepak Kumar\.m2\repository\org\seleniumhq\selenium\selenium-java\4.12.0\selenium-java-4.12.0.jar;C:\Users\Deepak Kumar\.m2\repository\org\seleniumhq\selenium\selenium-api\4.12.0\selenium-api-4.12.0.jar;C:\Users\Deepak Kumar\.m2\repository\org\seleniumhq\selenium\selenium-chrome-driver\4.12.0\selenium-chrome-driver-4.12.0.jar;C:\Users\Deepak Kumar\.m2\repository\com\google\auto\service\auto-service-annotations\1.1.1\auto-service-annotations-1.1.1.jar;C:\Users\Deepak Kumar\.m2\repository\com\google\guava\guava\32.1.2-jre\guava-32.1.2-jre.jar;C:\Users\Deepak Kumar\.m2\repository\com\google\guava\failureaccess\1.0.1\failureaccess-1.0.1.jar;C:\Users\Deepak Kumar\.m2\repository\com\google\guava\listenablefuture\9999.0-empty-to-avoid-conflict-with-guava\listenablefuture-9999.0-empty-to-avoid-conflict-with-guava.jar;C:\Users\Deepak Kumar\.m2\repository\com\google\code\findbugs\jsr305\3.0.2\jsr305-3.0.2.jar;C:\Users\Deepak Kumar\.m2\repository\org\checkerframework\checker-qual\3.33.0\checker-qual-3.33.0.jar;C:\Users\Deepak Kumar\.m2\repository\com\google\errorprone\error_prone_annotations\2.18.0\error_prone_annotations-2.18.0.jar;C:\Users\Deepak Kumar\.m2\repository\com\google\j2objc\j2objc-annotations\2.8\j2objc-annotations-2.8.jar;C:\Users\Deepak Kumar\.m2\repository\org\seleniumhq\selenium\selenium-chromium-driver\4.12.0\selenium-chromium-driver-4.12.0.jar;C:\Users\Deepak Kumar\.m2\repository\org\seleniumhq\selenium\selenium-json\4.12.0\selenium-json-4.12.0.jar;C:\Users\Deepak Kumar\.m2\repository\org\seleniumhq\selenium\selenium-manager\4.12.0\selenium-manager-4.12.0.jar;C:\Users\Deepak Kumar\.m2\repository\org\seleniumhq\selenium\selenium-devtools-v114\4.12.0\selenium-devtools-v114-4.12.0.jar;C:\Users\Deepak Kumar\.m2\repository\org\seleniumhq\selenium\selenium-devtools-v115\4.12.0\selenium-devtools-v115-4.12.0.jar;C:\Users\Deepak Kumar\.m2\repository\org\seleniumhq\selenium\selenium-devtools-v116\4.12.0\selenium-devtools-v116-4.12.0.jar;C:\Users\Deepak Kumar\.m2\repository\org\seleniumhq\selenium\selenium-devtools-v85\4.12.0\selenium-devtools-v85-4.12.0.jar;C:\Users\Deepak Kumar\.m2\repository\org\seleniumhq\selenium\selenium-edge-driver\4.12.0\selenium-edge-driver-4.12.0.jar;C:\Users\Deepak Kumar\.m2\repository\org\seleniumhq\selenium\selenium-firefox-driver\4.12.0\selenium-firefox-driver-4.12.0.jar;C:\Users\Deepak Kumar\.m2\repository\org\seleniumhq\selenium\selenium-http\4.12.0\selenium-http-4.12.0.jar;C:\Users\Deepak Kumar\.m2\repository\dev\failsafe\failsafe\3.3.2\failsafe-3.3.2.jar;C:\Users\Deepak Kumar\.m2\repository\org\seleniumhq\selenium\selenium-ie-driver\4.12.0\selenium-ie-driver-4.12.0.jar;C:\Users\Deepak Kumar\.m2\repository\org\seleniumhq\selenium\selenium-remote-driver\4.12.0\selenium-remote-driver-4.12.0.jar;C:\Users\Deepak Kumar\.m2\repository\io\netty\netty-buffer\4.1.96.Final\netty-buffer-4.1.96.Final.jar;C:\Users\Deepak Kumar\.m2\repository\io\netty\netty-codec-http\4.1.96.Final\netty-codec-http-4.1.96.Final.jar;C:\Users\Deepak Kumar\.m2\repository\io\netty\netty-codec\4.1.96.Final\netty-codec-4.1.96.Final.jar;C:\Users\Deepak Kumar\.m2\repository\io\netty\netty-handler\4.1.96.Final\netty-handler-4.1.96.Final.jar;C:\Users\Deepak Kumar\.m2\repository\io\netty\netty-common\4.1.96.Final\netty-common-4.1.96.Final.jar;C:\Users\Deepak Kumar\.m2\repository\io\netty\netty-transport-classes-epoll\4.1.96.Final\netty-transport-classes-epoll-4.1.96.Final.jar;C:\Users\Deepak Kumar\.m2\repository\io\netty\netty-transport-classes-kqueue\4.1.96.Final\netty-transport-classes-kqueue-4.1.96.Final.jar;C:\Users\Deepak Kumar\.m2\repository\io\netty\netty-transport-native-epoll\4.1.96.Final\netty-transport-native-epoll-4.1.96.Final.jar;C:\Users\Deepak Kumar\.m2\repository\io\netty\netty-transport-native-kqueue\4.1.96.Final\netty-transport-native-kqueue-4.1.96.Final.jar;C:\Users\Deepak Kumar\.m2\repository\io\netty\netty-transport-native-unix-common\4.1.96.Final\netty-transport-native-unix-common-4.1.96.Final.jar;C:\Users\Deepak Kumar\.m2\repository\io\netty\netty-transport\4.1.96.Final\netty-transport-4.1.96.Final.jar;C:\Users\Deepak Kumar\.m2\repository\io\netty\netty-resolver\4.1.96.Final\netty-resolver-4.1.96.Final.jar;C:\Users\Deepak Kumar\.m2\repository\io\opentelemetry\opentelemetry-api\1.28.0\opentelemetry-api-1.28.0.jar;C:\Users\Deepak Kumar\.m2\repository\io\opentelemetry\opentelemetry-context\1.28.0\opentelemetry-context-1.28.0.jar;C:\Users\Deepak Kumar\.m2\repository\io\opentelemetry\opentelemetry-exporter-logging\1.28.0\opentelemetry-exporter-logging-1.28.0.jar;C:\Users\Deepak Kumar\.m2\repository\io\opentelemetry\opentelemetry-sdk-metrics\1.28.0\opentelemetry-sdk-metrics-1.28.0.jar;C:\Users\Deepak Kumar\.m2\repository\io\opentelemetry\opentelemetry-extension-incubator\1.28.0-alpha\opentelemetry-extension-incubator-1.28.0-alpha.jar;C:\Users\Deepak Kumar\.m2\repository\io\opentelemetry\opentelemetry-sdk-logs\1.28.0\opentelemetry-sdk-logs-1.28.0.jar;C:\Users\Deepak Kumar\.m2\repository\io\opentelemetry\opentelemetry-sdk-common\1.28.0\opentelemetry-sdk-common-1.28.0.jar;C:\Users\Deepak Kumar\.m2\repository\io\opentelemetry\opentelemetry-sdk-extension-autoconfigure-spi\1.28.0\opentelemetry-sdk-extension-autoconfigure-spi-1.28.0.jar;C:\Users\Deepak Kumar\.m2\repository\io\opentelemetry\opentelemetry-sdk-extension-autoconfigure\1.28.0\opentelemetry-sdk-extension-autoconfigure-1.28.0.jar;C:\Users\Deepak Kumar\.m2\repository\io\opentelemetry\opentelemetry-api-events\1.28.0-alpha\opentelemetry-api-events-1.28.0-alpha.jar;C:\Users\Deepak Kumar\.m2\repository\io\opentelemetry\opentelemetry-sdk-trace\1.28.0\opentelemetry-sdk-trace-1.28.0.jar;C:\Users\Deepak Kumar\.m2\repository\io\opentelemetry\opentelemetry-sdk\1.28.0\opentelemetry-sdk-1.28.0.jar;C:\Users\Deepak Kumar\.m2\repository\io\opentelemetry\opentelemetry-semconv\1.28.0-alpha\opentelemetry-semconv-1.28.0-alpha.jar;C:\Users\Deepak Kumar\.m2\repository\net\bytebuddy\byte-buddy\1.14.5\byte-buddy-1.14.5.jar;C:\Users\Deepak Kumar\.m2\repository\org\asynchttpclient\async-http-client\2.12.3\async-http-client-2.12.3.jar;C:\Users\Deepak Kumar\.m2\repository\org\asynchttpclient\async-http-client-netty-utils\2.12.3\async-http-client-netty-utils-2.12.3.jar;C:\Users\Deepak Kumar\.m2\repository\io\netty\netty-codec-socks\4.1.60.Final\netty-codec-socks-4.1.60.Final.jar;C:\Users\Deepak Kumar\.m2\repository\io\netty\netty-handler-proxy\4.1.60.Final\netty-handler-proxy-4.1.60.Final.jar;C:\Users\Deepak Kumar\.m2\repository\io\netty\netty-transport-native-epoll\4.1.60.Final\netty-transport-native-epoll-4.1.60.Final-linux-x86_64.jar;C:\Users\Deepak Kumar\.m2\repository\io\netty\netty-transport-native-kqueue\4.1.60.Final\netty-transport-native-kqueue-4.1.60.Final-osx-x86_64.jar;C:\Users\Deepak Kumar\.m2\repository\org\reactivestreams\reactive-streams\1.0.3\reactive-streams-1.0.3.jar;C:\Users\Deepak Kumar\.m2\repository\com\typesafe\netty\netty-reactive-streams\2.0.4\netty-reactive-streams-2.0.4.jar;C:\Users\Deepak Kumar\.m2\repository\org\slf4j\slf4j-api\1.7.30\slf4j-api-1.7.30.jar;C:\Users\Deepak Kumar\.m2\repository\com\sun\activation\jakarta.activation\1.2.2\jakarta.activation-1.2.2.jar;C:\Users\Deepak Kumar\.m2\repository\org\seleniumhq\selenium\selenium-os\4.12.0\selenium-os-4.12.0.jar;C:\Users\Deepak Kumar\.m2\repository\org\apache\commons\commons-exec\1.3\commons-exec-1.3.jar;C:\Users\Deepak Kumar\.m2\repository\org\seleniumhq\selenium\selenium-safari-driver\4.12.0\selenium-safari-driver-4.12.0.jar;C:\Users\Deepak Kumar\.m2\repository\org\seleniumhq\selenium\selenium-support\4.12.0\selenium-support-4.12.0.jar;"/>
    <property name="java.vm.vendor" value="Oracle Corporation"/>
    <property name="sun.arch.data.model" value="64"/>
    <property name="user.variant" value=""/>
    <property name="java.vendor.url" value="https://java.oracle.com/"/>
    <property name="user.timezone" value="Asia/Calcutta"/>
    <property name="os.name" value="Windows 11"/>
    <property name="java.vm.specification.version" value="17"/>
    <property name="sun.java.launcher" value="SUN_STANDARD"/>
    <property name="user.country" value="IN"/>
    <property name="sun.boot.library.path" value="C:\Program Files\Java\jdk-17\bin"/>
    <property name="sun.java.command" value="C:\Users\Deepak Kumar\AppData\Local\Temp\surefire12341731074848623245\surefirebooter-20240318142755735_3.jar C:\Users\Deepak Kumar\AppData\Local\Temp\surefire12341731074848623245 2024-03-18T14-27-55_360-jvmRun1 surefire-20240318142755735_1tmp surefire_0-20240318142755735_2tmp"/>
    <property name="jdk.debug" value="release"/>
    <property name="surefire.test.class.path" value="C:\Users\Deepak Kumar\eclipse-workspace\NGMP\target\test-classes;C:\Users\Deepak Kumar\eclipse-workspace\NGMP\target\classes;C:\Users\Deepak Kumar\.m2\repository\io\cucumber\cucumber-java\7.15.0\cucumber-java-7.15.0.jar;C:\Users\Deepak Kumar\.m2\repository\io\cucumber\cucumber-core\7.15.0\cucumber-core-7.15.0.jar;C:\Users\Deepak Kumar\.m2\repository\io\cucumber\cucumber-gherkin\7.15.0\cucumber-gherkin-7.15.0.jar;C:\Users\Deepak Kumar\.m2\repository\io\cucumber\cucumber-gherkin-messages\7.15.0\cucumber-gherkin-messages-7.15.0.jar;C:\Users\Deepak Kumar\.m2\repository\io\cucumber\gherkin\26.2.0\gherkin-26.2.0.jar;C:\Users\Deepak Kumar\.m2\repository\io\cucumber\messages\22.0.0\messages-22.0.0.jar;C:\Users\Deepak Kumar\.m2\repository\io\cucumber\tag-expressions\6.0.0\tag-expressions-6.0.0.jar;C:\Users\Deepak Kumar\.m2\repository\io\cucumber\cucumber-expressions\17.0.1\cucumber-expressions-17.0.1.jar;C:\Users\Deepak Kumar\.m2\repository\io\cucumber\datatable\7.15.0\datatable-7.15.0.jar;C:\Users\Deepak Kumar\.m2\repository\io\cucumber\cucumber-plugin\7.15.0\cucumber-plugin-7.15.0.jar;C:\Users\Deepak Kumar\.m2\repository\io\cucumber\docstring\7.15.0\docstring-7.15.0.jar;C:\Users\Deepak Kumar\.m2\repository\io\cucumber\html-formatter\20.4.0\html-formatter-20.4.0.jar;C:\Users\Deepak Kumar\.m2\repository\io\cucumber\junit-xml-formatter\0.2.0\junit-xml-formatter-0.2.0.jar;C:\Users\Deepak Kumar\.m2\repository\io\cucumber\ci-environment\10.0.0\ci-environment-10.0.0.jar;C:\Users\Deepak Kumar\.m2\repository\org\apiguardian\apiguardian-api\1.1.2\apiguardian-api-1.1.2.jar;C:\Users\Deepak Kumar\.m2\repository\io\cucumber\cucumber-junit\7.15.0\cucumber-junit-7.15.0.jar;C:\Users\Deepak Kumar\.m2\repository\junit\junit\4.13.2\junit-4.13.2.jar;C:\Users\Deepak Kumar\.m2\repository\org\hamcrest\hamcrest-core\1.3\hamcrest-core-1.3.jar;C:\Users\Deepak Kumar\.m2\repository\io\rest-assured\rest-assured\5.4.0\rest-assured-5.4.0.jar;C:\Users\Deepak Kumar\.m2\repository\org\apache\groovy\groovy\4.0.16\groovy-4.0.16.jar;C:\Users\Deepak Kumar\.m2\repository\org\apache\groovy\groovy-xml\4.0.16\groovy-xml-4.0.16.jar;C:\Users\Deepak Kumar\.m2\repository\org\apache\httpcomponents\httpclient\4.5.13\httpclient-4.5.13.jar;C:\Users\Deepak Kumar\.m2\repository\org\apache\httpcomponents\httpcore\4.4.13\httpcore-4.4.13.jar;C:\Users\Deepak Kumar\.m2\repository\commons-logging\commons-logging\1.2\commons-logging-1.2.jar;C:\Users\Deepak Kumar\.m2\repository\commons-codec\commons-codec\1.11\commons-codec-1.11.jar;C:\Users\Deepak Kumar\.m2\repository\org\apache\httpcomponents\httpmime\4.5.13\httpmime-4.5.13.jar;C:\Users\Deepak Kumar\.m2\repository\org\ccil\cowan\tagsoup\tagsoup\1.2.1\tagsoup-1.2.1.jar;C:\Users\Deepak Kumar\.m2\repository\io\rest-assured\json-path\5.4.0\json-path-5.4.0.jar;C:\Users\Deepak Kumar\.m2\repository\org\apache\groovy\groovy-json\4.0.16\groovy-json-4.0.16.jar;C:\Users\Deepak Kumar\.m2\repository\io\rest-assured\rest-assured-common\5.4.0\rest-assured-common-5.4.0.jar;C:\Users\Deepak Kumar\.m2\repository\io\rest-assured\xml-path\5.4.0\xml-path-5.4.0.jar;C:\Users\Deepak Kumar\.m2\repository\org\apache\commons\commons-lang3\3.11\commons-lang3-3.11.jar;C:\Users\Deepak Kumar\.m2\repository\com\fasterxml\jackson\core\jackson-databind\2.16.1\jackson-databind-2.16.1.jar;C:\Users\Deepak Kumar\.m2\repository\com\fasterxml\jackson\core\jackson-annotations\2.16.1\jackson-annotations-2.16.1.jar;C:\Users\Deepak Kumar\.m2\repository\com\fasterxml\jackson\core\jackson-core\2.16.1\jackson-core-2.16.1.jar;C:\Users\Deepak Kumar\.m2\repository\org\junit\jupiter\junit-jupiter-api\5.10.2\junit-jupiter-api-5.10.2.jar;C:\Users\Deepak Kumar\.m2\repository\org\opentest4j\opentest4j\1.3.0\opentest4j-1.3.0.jar;C:\Users\Deepak Kumar\.m2\repository\org\junit\platform\junit-platform-commons\1.10.2\junit-platform-commons-1.10.2.jar;C:\Users\Deepak Kumar\.m2\repository\com\google\code\gson\gson\2.8.7\gson-2.8.7.jar;C:\Users\Deepak Kumar\.m2\repository\org\hamcrest\hamcrest\2.2\hamcrest-2.2.jar;C:\Users\Deepak Kumar\.m2\repository\bdd\APIFramework\0.0.1-SNAPSHOT\APIFramework-0.0.1-SNAPSHOT.jar;C:\Users\Deepak Kumar\.m2\repository\org\seleniumhq\selenium\selenium-java\4.12.0\selenium-java-4.12.0.jar;C:\Users\Deepak Kumar\.m2\repository\org\seleniumhq\selenium\selenium-api\4.12.0\selenium-api-4.12.0.jar;C:\Users\Deepak Kumar\.m2\repository\org\seleniumhq\selenium\selenium-chrome-driver\4.12.0\selenium-chrome-driver-4.12.0.jar;C:\Users\Deepak Kumar\.m2\repository\com\google\auto\service\auto-service-annotations\1.1.1\auto-service-annotations-1.1.1.jar;C:\Users\Deepak Kumar\.m2\repository\com\google\guava\guava\32.1.2-jre\guava-32.1.2-jre.jar;C:\Users\Deepak Kumar\.m2\repository\com\google\guava\failureaccess\1.0.1\failureaccess-1.0.1.jar;C:\Users\Deepak Kumar\.m2\repository\com\google\guava\listenablefuture\9999.0-empty-to-avoid-conflict-with-guava\listenablefuture-9999.0-empty-to-avoid-conflict-with-guava.jar;C:\Users\Deepak Kumar\.m2\repository\com\google\code\findbugs\jsr305\3.0.2\jsr305-3.0.2.jar;C:\Users\Deepak Kumar\.m2\repository\org\checkerframework\checker-qual\3.33.0\checker-qual-3.33.0.jar;C:\Users\Deepak Kumar\.m2\repository\com\google\errorprone\error_prone_annotations\2.18.0\error_prone_annotations-2.18.0.jar;C:\Users\Deepak Kumar\.m2\repository\com\google\j2objc\j2objc-annotations\2.8\j2objc-annotations-2.8.jar;C:\Users\Deepak Kumar\.m2\repository\org\seleniumhq\selenium\selenium-chromium-driver\4.12.0\selenium-chromium-driver-4.12.0.jar;C:\Users\Deepak Kumar\.m2\repository\org\seleniumhq\selenium\selenium-json\4.12.0\selenium-json-4.12.0.jar;C:\Users\Deepak Kumar\.m2\repository\org\seleniumhq\selenium\selenium-manager\4.12.0\selenium-manager-4.12.0.jar;C:\Users\Deepak Kumar\.m2\repository\org\seleniumhq\selenium\selenium-devtools-v114\4.12.0\selenium-devtools-v114-4.12.0.jar;C:\Users\Deepak Kumar\.m2\repository\org\seleniumhq\selenium\selenium-devtools-v115\4.12.0\selenium-devtools-v115-4.12.0.jar;C:\Users\Deepak Kumar\.m2\repository\org\seleniumhq\selenium\selenium-devtools-v116\4.12.0\selenium-devtools-v116-4.12.0.jar;C:\Users\Deepak Kumar\.m2\repository\org\seleniumhq\selenium\selenium-devtools-v85\4.12.0\selenium-devtools-v85-4.12.0.jar;C:\Users\Deepak Kumar\.m2\repository\org\seleniumhq\selenium\selenium-edge-driver\4.12.0\selenium-edge-driver-4.12.0.jar;C:\Users\Deepak Kumar\.m2\repository\org\seleniumhq\selenium\selenium-firefox-driver\4.12.0\selenium-firefox-driver-4.12.0.jar;C:\Users\Deepak Kumar\.m2\repository\org\seleniumhq\selenium\selenium-http\4.12.0\selenium-http-4.12.0.jar;C:\Users\Deepak Kumar\.m2\repository\dev\failsafe\failsafe\3.3.2\failsafe-3.3.2.jar;C:\Users\Deepak Kumar\.m2\repository\org\seleniumhq\selenium\selenium-ie-driver\4.12.0\selenium-ie-driver-4.12.0.jar;C:\Users\Deepak Kumar\.m2\repository\org\seleniumhq\selenium\selenium-remote-driver\4.12.0\selenium-remote-driver-4.12.0.jar;C:\Users\Deepak Kumar\.m2\repository\io\netty\netty-buffer\4.1.96.Final\netty-buffer-4.1.96.Final.jar;C:\Users\Deepak Kumar\.m2\repository\io\netty\netty-codec-http\4.1.96.Final\netty-codec-http-4.1.96.Final.jar;C:\Users\Deepak Kumar\.m2\repository\io\netty\netty-codec\4.1.96.Final\netty-codec-4.1.96.Final.jar;C:\Users\Deepak Kumar\.m2\repository\io\netty\netty-handler\4.1.96.Final\netty-handler-4.1.96.Final.jar;C:\Users\Deepak Kumar\.m2\repository\io\netty\netty-common\4.1.96.Final\netty-common-4.1.96.Final.jar;C:\Users\Deepak Kumar\.m2\repository\io\netty\netty-transport-classes-epoll\4.1.96.Final\netty-transport-classes-epoll-4.1.96.Final.jar;C:\Users\Deepak Kumar\.m2\repository\io\netty\netty-transport-classes-kqueue\4.1.96.Final\netty-transport-classes-kqueue-4.1.96.Final.jar;C:\Users\Deepak Kumar\.m2\repository\io\netty\netty-transport-native-epoll\4.1.96.Final\netty-transport-native-epoll-4.1.96.Final.jar;C:\Users\Deepak Kumar\.m2\repository\io\netty\netty-transport-native-kqueue\4.1.96.Final\netty-transport-native-kqueue-4.1.96.Final.jar;C:\Users\Deepak Kumar\.m2\repository\io\netty\netty-transport-native-unix-common\4.1.96.Final\netty-transport-native-unix-common-4.1.96.Final.jar;C:\Users\Deepak Kumar\.m2\repository\io\netty\netty-transport\4.1.96.Final\netty-transport-4.1.96.Final.jar;C:\Users\Deepak Kumar\.m2\repository\io\netty\netty-resolver\4.1.96.Final\netty-resolver-4.1.96.Final.jar;C:\Users\Deepak Kumar\.m2\repository\io\opentelemetry\opentelemetry-api\1.28.0\opentelemetry-api-1.28.0.jar;C:\Users\Deepak Kumar\.m2\repository\io\opentelemetry\opentelemetry-context\1.28.0\opentelemetry-context-1.28.0.jar;C:\Users\Deepak Kumar\.m2\repository\io\opentelemetry\opentelemetry-exporter-logging\1.28.0\opentelemetry-exporter-logging-1.28.0.jar;C:\Users\Deepak Kumar\.m2\repository\io\opentelemetry\opentelemetry-sdk-metrics\1.28.0\opentelemetry-sdk-metrics-1.28.0.jar;C:\Users\Deepak Kumar\.m2\repository\io\opentelemetry\opentelemetry-extension-incubator\1.28.0-alpha\opentelemetry-extension-incubator-1.28.0-alpha.jar;C:\Users\Deepak Kumar\.m2\repository\io\opentelemetry\opentelemetry-sdk-logs\1.28.0\opentelemetry-sdk-logs-1.28.0.jar;C:\Users\Deepak Kumar\.m2\repository\io\opentelemetry\opentelemetry-sdk-common\1.28.0\opentelemetry-sdk-common-1.28.0.jar;C:\Users\Deepak Kumar\.m2\repository\io\opentelemetry\opentelemetry-sdk-extension-autoconfigure-spi\1.28.0\opentelemetry-sdk-extension-autoconfigure-spi-1.28.0.jar;C:\Users\Deepak Kumar\.m2\repository\io\opentelemetry\opentelemetry-sdk-extension-autoconfigure\1.28.0\opentelemetry-sdk-extension-autoconfigure-1.28.0.jar;C:\Users\Deepak Kumar\.m2\repository\io\opentelemetry\opentelemetry-api-events\1.28.0-alpha\opentelemetry-api-events-1.28.0-alpha.jar;C:\Users\Deepak Kumar\.m2\repository\io\opentelemetry\opentelemetry-sdk-trace\1.28.0\opentelemetry-sdk-trace-1.28.0.jar;C:\Users\Deepak Kumar\.m2\repository\io\opentelemetry\opentelemetry-sdk\1.28.0\opentelemetry-sdk-1.28.0.jar;C:\Users\Deepak Kumar\.m2\repository\io\opentelemetry\opentelemetry-semconv\1.28.0-alpha\opentelemetry-semconv-1.28.0-alpha.jar;C:\Users\Deepak Kumar\.m2\repository\net\bytebuddy\byte-buddy\1.14.5\byte-buddy-1.14.5.jar;C:\Users\Deepak Kumar\.m2\repository\org\asynchttpclient\async-http-client\2.12.3\async-http-client-2.12.3.jar;C:\Users\Deepak Kumar\.m2\repository\org\asynchttpclient\async-http-client-netty-utils\2.12.3\async-http-client-netty-utils-2.12.3.jar;C:\Users\Deepak Kumar\.m2\repository\io\netty\netty-codec-socks\4.1.60.Final\netty-codec-socks-4.1.60.Final.jar;C:\Users\Deepak Kumar\.m2\repository\io\netty\netty-handler-proxy\4.1.60.Final\netty-handler-proxy-4.1.60.Final.jar;C:\Users\Deepak Kumar\.m2\repository\io\netty\netty-transport-native-epoll\4.1.60.Final\netty-transport-native-epoll-4.1.60.Final-linux-x86_64.jar;C:\Users\Deepak Kumar\.m2\repository\io\netty\netty-transport-native-kqueue\4.1.60.Final\netty-transport-native-kqueue-4.1.60.Final-osx-x86_64.jar;C:\Users\Deepak Kumar\.m2\repository\org\reactivestreams\reactive-streams\1.0.3\reactive-streams-1.0.3.jar;C:\Users\Deepak Kumar\.m2\repository\com\typesafe\netty\netty-reactive-streams\2.0.4\netty-reactive-streams-2.0.4.jar;C:\Users\Deepak Kumar\.m2\repository\org\slf4j\slf4j-api\1.7.30\slf4j-api-1.7.30.jar;C:\Users\Deepak Kumar\.m2\repository\com\sun\activation\jakarta.activation\1.2.2\jakarta.activation-1.2.2.jar;C:\Users\Deepak Kumar\.m2\repository\org\seleniumhq\selenium\selenium-os\4.12.0\selenium-os-4.12.0.jar;C:\Users\Deepak Kumar\.m2\repository\org\apache\commons\commons-exec\1.3\commons-exec-1.3.jar;C:\Users\Deepak Kumar\.m2\repository\org\seleniumhq\selenium\selenium-safari-driver\4.12.0\selenium-safari-driver-4.12.0.jar;C:\Users\Deepak Kumar\.m2\repository\org\seleniumhq\selenium\selenium-support\4.12.0\selenium-support-4.12.0.jar;"/>
    <property name="sun.cpu.endian" value="little"/>
    <property name="user.home" value="C:\Users\Deepak Kumar"/>
    <property name="user.language" value="en"/>
    <property name="java.specification.vendor" value="Oracle Corporation"/>
    <property name="java.version.date" value="2023-07-18"/>
    <property name="java.home" value="C:\Program Files\Java\jdk-17"/>
    <property name="file.separator" value="\"/>
    <property name="basedir" value="C:\Users\Deepak Kumar\eclipse-workspace\NGMP"/>
    <property name="java.vm.compressedOopsMode" value="Zero based"/>
    <property name="line.separator" value="&#10;"/>
    <property name="java.vm.specification.vendor" value="Oracle Corporation"/>
    <property name="java.specification.name" value="Java Platform API Specification"/>
    <property name="surefire.real.class.path" value="C:\Users\Deepak Kumar\AppData\Local\Temp\surefire12341731074848623245\surefirebooter-20240318142755735_3.jar"/>
    <property name="user.script" value=""/>
    <property name="sun.management.compiler" value="HotSpot 64-Bit Tiered Compilers"/>
    <property name="java.runtime.version" value="17.0.8+9-LTS-211"/>
    <property name="user.name" value="Deepak Kumar"/>
    <property name="path.separator" value=";"/>
    <property name="os.version" value="10.0"/>
    <property name="java.runtime.name" value="Java(TM) SE Runtime Environment"/>
    <property name="file.encoding" value="Cp1252"/>
    <property name="java.vm.name" value="Java HotSpot(TM) 64-Bit Server VM"/>
    <property name="localRepository" value="C:\Users\Deepak Kumar\.m2\repository"/>
    <property name="java.vendor.url.bug" value="https://bugreport.java.com/bugreport/"/>
    <property name="java.io.tmpdir" value="C:\Users\DEEPAK~1\AppData\Local\Temp\"/>
    <property name="java.version" value="17.0.8"/>
    <property name="user.dir" value="C:\Users\Deepak Kumar\eclipse-workspace\NGMP"/>
    <property name="os.arch" value="amd64"/>
    <property name="java.vm.specification.name" value="Java Virtual Machine Specification"/>
    <property name="sun.os.patch.level" value=""/>
    <property name="native.encoding" value="Cp1252"/>
    <property name="java.library.path" value="C:\Program Files\Java\jdk-17\bin;C:\WINDOWS\Sun\Java\bin;C:\WINDOWS\system32;C:\WINDOWS;C:\Program Files\Common Files\Oracle\Java\javapath;C:\WINDOWS\system32;C:\WINDOWS;C:\WINDOWS\System32\Wbem;C:\WINDOWS\System32\WindowsPowerShell\v1.0\;C:\WINDOWS\System32\OpenSSH\;C:\Program Files\Java\jdk-17\bin;C:\Program Files (x86)\Microsoft SQL Server\160\Tools\Binn\;C:\Program Files\Microsoft SQL Server\160\Tools\Binn\;C:\Program Files\Microsoft SQL Server\Client SDK\ODBC\170\Tools\Binn\;C:\Program Files\Microsoft SQL Server\160\DTS\Binn\;C:\Program Files (x86)\Microsoft SQL Server\160\DTS\Binn\;C:\Program Files\Git\cmd;C:\Program Files\Microsoft SQL Server\150\Tools\Binn\;C:\Program Files\nodejs\;C:\Users\Deepak Kumar\AppData\Local\Android\Sdk\tools\bin;C:\Users\Deepak Kumar\AppData\Local\Android\Sdk\tools;C:\Users\Deepak Kumar\AppData\Local\Android\Sdk\platform-tools;C:\Program Files\nodejs\node_modules\npm\bin;C:\Users\Deepak Kumar\AppData\Local\Microsoft\WindowsApps;C:\Program Files\Azure Data Studio\bin;C:\Users\Deepak Kumar\AppData\Local\GitHubDesktop\bin;C:\Users\Deepak Kumar\AppData\Roaming\npm;C:\Users\Deepak Kumar\AppData\Local\Programs\Microsoft VS Code\bin;C:\apache-maven-3.9.6\bin;;."/>
    <property name="java.vm.info" value="mixed mode, sharing"/>
    <property name="java.vendor" value="Oracle Corporation"/>
    <property name="java.vm.version" value="17.0.8+9-LTS-211"/>
    <property name="sun.io.unicode.encoding" value="UnicodeLittle"/>
    <property name="java.class.version" value="61.0"/>
  </properties>
  <testcase name="Verify if The List of Application no details is available using GetListOFDisposeApplication API" classname="Validation dispose API&apos;s" time="3.678">
    <system-out><![CDATA[vahancapi-dispose/getListOfDisposeApplication/{regn_no}/{appl_no}/{otp}
[{"transaction_no":"ML240314M0743520","pur_cd":27,"regn_no":"ML05M6270","application_status":"DRF","request_dt":"2024-03-14T11:34:50.234+00:00","state_cd":"ML","off_cd":5,"descr":"Renewal of Permit"}]
]]></system-out>
  </testcase>
  <testcase name="Verify DetailsDiposeAppl API" classname="Validation dispose API&apos;s" time="0.512">
    <system-out><![CDATA[/vahancapi-dispose/detaildisposeapplication/{regn_no}/{chasi_no}/{appl_no}
{"state_cd":"ML","state_name":"Meghalaya","off_cd":5,"c_off_cd":null,"off_name":"SHILLONG ","regn_no":"ML05M6270","regn_dt":"2015-04-20","regn_dtAsDate":null,"fit_uptoAsDate":null,"purchase_dt":"2015-04-20","owner_sr":1,"owner_name":"MR. MANGBHA PASWET","f_name":"(L) M. BAMON","c_add1":"PYNTHORBAH","c_add2":"YNUUYUYIUYI","c_add3":"SHILLONG","c_district":298,"c_district_name":"East Khasi Hills","c_state":"ML","c_state_name":"Meghalaya","c_pincode":793001,"p_add1":"PYNTHORBAH","p_add2":"YNUUYUYIUYI","p_add3":"SHILLONG","p_district":298,"p_district_name":"East Khasi Hills","p_state":"ML","p_state_name":"Meghalaya","p_pincode":793001,"owner_cd":1,"owner_cd_descr":"INDIVIDUAL","regn_type":"N","regn_type_descr":"NEW","vh_class":59,"vh_class_desc":"Goods Carrier","chasi_no":"MA1ZC4GHKF1C31460","eng_no":"GHF1C22242","eng_no_original":null,"maker":60,"maker_name":"Mahindra & Mahindra Limited","model_cd":"BOLERO PICK UP","model_name":"BOLERO PICK UP","body_type":"PICK UP","no_cyl":4,"hp":25.0,"seat_cap":2,"stand_cap":0,"sleeper_cap":0,"unld_wt":970,"ld_wt":8970,"gcw":0,"fuel":2,"fuel_descr":"DIESEL","color":"D WHITE","manu_mon":3,"manu_yr":2015,"norms":99,"norms_descr":"Not Available","wheelbase":0,"cubic_cap":2523.0,"floor_area":0.0,"ac_fitted":"N","audio_fitted":"N","video_fitted":"N","vch_purchase_as":"B","vch_catg":"MGV","vch_catg_desc":null,"dealer_cd":"ML00500004","dlr_name":"M/S STANLEY ROY CONSTRUCTION","dlr_add1":"MAWLAI, GS ROAD","dlr_add2":"SHILONG","dlr_add3":"","dlr_city":"","dlr_district":"298","dlr_pincode":"793001","sale_amt":522738,"laser_code":"IA1057373,","garage_add":"","length":0,"width":0,"height":0,"regn_upto":"2027-06-30","regn_uptoAsDate":null,"fit_upto":"2027-06-30","fit_upto_desc":null,"annual_income":0,"op_dt":"2017-10-06 14:31:11.293864","imported_vch":"N","other_criteria":0,"status":"A","vehType":null,"vehTypeAsInt":0,"vch_purchase_asCode":null,"tax_mode":null,"permit_rto_cd":null,"transport_catg":null,"chasi_no_original":null,"eng_no_orignal":null,"formatRegn_dt":null,"numberOfTyres":null,"no_of_axles":null,"appl_no":null,"mobile_no":null,"email_id":null,"pan_no":null,"aadhar_no":null,"passport_no":null,"ration_card_no":null,"voter_id":null,"dl_no":null,"verified_on":null,"flag":null,"mobileNoEditable":null,"ownerCatg":null,"dlRequired":null,"dlValidationRequired":null,"conditionstatus":false,"owner_ctg":null,"dept_cd":null,"returnMessge":null}
]]></system-out>
  </testcase>
  <testcase name="Verify DisposeAPPL API" classname="Validation dispose API&apos;s" time="0.255">
    <system-out><![CDATA[5
ML
ML240314M0743520
ML05M6270
vahancapi-dispose/disposeApplication
["Application Dispose Sussessfully..."]
]]></system-out>
  </testcase>
</testsuite>