<?xml version="1.0" encoding="UTF-8"?>
<testsuite xmlns:xsi="http://www.w3.org/2001/XMLSchema-instance" xsi:noNamespaceSchemaLocation="https://maven.apache.org/surefire/maven-surefire-plugin/xsd/surefire-test-report-3.0.xsd" version="3.0" name="cucumber.Options.TestRunner" time="5.059" tests="3" errors="0" skipped="0" failures="0">
  <properties>
    <property name="java.specification.version" value="17"/>
    <property name="sun.cpu.isalist" value="amd64"/>
    <property name="sun.jnu.encoding" value="Cp1252"/>
    <property name="java.class.path" value="C:\Users\Deepak Kumar\eclipse-workspace\NGMP\target\test-classes;C:\Users\Deepak Kumar\eclipse-workspace\NGMP\target\classes;C:\Users\Deepak Kumar\.m2\repository\io\cucumber\cucumber-java\7.15.0\cucumber-java-7.15.0.jar;C:\Users\Deepak Kumar\.m2\repository\io\cucumber\cucumber-core\7.15.0\cucumber-core-7.15.0.jar;C:\Users\Deepak Kumar\.m2\repository\io\cucumber\cucumber-gherkin\7.15.0\cucumber-gherkin-7.15.0.jar;C:\Users\Deepak Kumar\.m2\repository\io\cucumber\cucumber-gherkin-messages\7.15.0\cucumber-gherkin-messages-7.15.0.jar;C:\Users\Deepak Kumar\.m2\repository\io\cucumber\gherkin\26.2.0\gherkin-26.2.0.jar;C:\Users\Deepak Kumar\.m2\repository\io\cucumber\messages\22.0.0\messages-22.0.0.jar;C:\Users\Deepak Kumar\.m2\repository\io\cucumber\tag-expressions\6.0.0\tag-expressions-6.0.0.jar;C:\Users\Deepak Kumar\.m2\repository\io\cucumber\cucumber-expressions\17.0.1\cucumber-expressions-17.0.1.jar;C:\Users\Deepak Kumar\.m2\repository\io\cucumber\datatable\7.15.0\datatable-7.15.0.jar;C:\Users\Deepak Kumar\.m2\repository\io\cucumber\cucumber-plugin\7.15.0\cucumber-plugin-7.15.0.jar;C:\Users\Deepak Kumar\.m2\repository\io\cucumber\docstring\7.15.0\docstring-7.15.0.jar;C:\Users\Deepak Kumar\.m2\repository\io\cucumber\html-formatter\20.4.0\html-formatter-20.4.0.jar;C:\Users\Deepak Kumar\.m2\repository\io\cucumber\junit-xml-formatter\0.2.0\junit-xml-formatter-0.2.0.jar;C:\Users\Deepak Kumar\.m2\repository\io\cucumber\ci-environment\10.0.0\ci-environment-10.0.0.jar;C:\Users\Deepak Kumar\.m2\repository\org\apiguardian\apiguardian-api\1.1.2\apiguardian-api-1.1.2.jar;C:\Users\Deepak Kumar\.m2\repository\io\cucumber\cucumber-junit\7.15.0\cucumber-junit-7.15.0.jar;C:\Users\Deepak Kumar\.m2\repository\junit\junit\4.13.2\junit-4.13.2.jar;C:\Users\Deepak Kumar\.m2\repository\org\hamcrest\hamcrest-core\1.3\hamcrest-core-1.3.jar;C:\Users\Deepak Kumar\.m2\repository\io\rest-assured\rest-assured\5.4.0\rest-assured-5.4.0.jar;C:\Users\Deepak Kumar\.m2\repository\org\apache\groovy\groovy\4.0.16\groovy-4.0.16.jar;C:\Users\Deepak Kumar\.m2\repository\org\apache\groovy\groovy-xml\4.0.16\groovy-xml-4.0.16.jar;C:\Users\Deepak Kumar\.m2\repository\org\apache\httpcomponents\httpclient\4.5.13\httpclient-4.5.13.jar;C:\Users\Deepak Kumar\.m2\repository\org\apache\httpcomponents\httpcore\4.4.13\httpcore-4.4.13.jar;C:\Users\Deepak Kumar\.m2\repository\commons-logging\commons-logging\1.2\commons-logging-1.2.jar;C:\Users\Deepak Kumar\.m2\repository\commons-codec\commons-codec\1.11\commons-codec-1.11.jar;C:\Users\Deepak Kumar\.m2\repository\org\apache\httpcomponents\httpmime\4.5.13\httpmime-4.5.13.jar;C:\Users\Deepak Kumar\.m2\repository\org\ccil\cowan\tagsoup\tagsoup\1.2.1\tagsoup-1.2.1.jar;C:\Users\Deepak Kumar\.m2\repository\io\rest-assured\json-path\5.4.0\json-path-5.4.0.jar;C:\Users\Deepak Kumar\.m2\repository\org\apache\groovy\groovy-json\4.0.16\groovy-json-4.0.16.jar;C:\Users\Deepak Kumar\.m2\repository\io\rest-assured\rest-assured-common\5.4.0\rest-assured-common-5.4.0.jar;C:\Users\Deepak Kumar\.m2\repository\io\rest-assured\xml-path\5.4.0\xml-path-5.4.0.jar;C:\Users\Deepak Kumar\.m2\repository\org\apache\commons\commons-lang3\3.11\commons-lang3-3.11.jar;C:\Users\Deepak Kumar\.m2\repository\com\fasterxml\jackson\core\jackson-databind\2.16.1\jackson-databind-2.16.1.jar;C:\Users\Deepak Kumar\.m2\repository\com\fasterxml\jackson\core\jackson-annotations\2.16.1\jackson-annotations-2.16.1.jar;C:\Users\Deepak Kumar\.m2\repository\com\fasterxml\jackson\core\jackson-core\2.16.1\jackson-core-2.16.1.jar;C:\Users\Deepak Kumar\.m2\repository\org\junit\jupiter\junit-jupiter-api\5.10.2\junit-jupiter-api-5.10.2.jar;C:\Users\Deepak Kumar\.m2\repository\org\opentest4j\opentest4j\1.3.0\opentest4j-1.3.0.jar;C:\Users\Deepak Kumar\.m2\repository\org\junit\platform\junit-platform-commons\1.10.2\junit-platform-commons-1.10.2.jar;C:\Users\Deepak Kumar\.m2\repository\com\google\code\gson\gson\2.8.7\gson-2.8.7.jar;C:\Users\Deepak Kumar\.m2\repository\org\hamcrest\hamcrest\2.2\hamcrest-2.2.jar;"/>
    <property name="java.vm.vendor" value="Oracle Corporation"/>
    <property name="sun.arch.data.model" value="64"/>
    <property name="user.variant" value=""/>
    <property name="java.vendor.url" value="https://java.oracle.com/"/>
    <property name="user.timezone" value="Asia/Calcutta"/>
    <property name="os.name" value="Windows 11"/>
    <property name="java.vm.specification.version" value="17"/>
    <property name="sun.java.launcher" value="SUN_STANDARD"/>
    <property name="user.country" value="IN"/>
    <property name="sun.boot.library.path" value="C:\Program Files\Java\jdk-17\bin"/>
    <property name="sun.java.command" value="C:\Users\Deepak Kumar\AppData\Local\Temp\surefire1009095804864363343\surefirebooter-20240227141754439_3.jar C:\Users\Deepak Kumar\AppData\Local\Temp\surefire1009095804864363343 2024-02-27T14-17-53_961-jvmRun1 surefire-20240227141754439_1tmp surefire_0-20240227141754439_2tmp"/>
    <property name="jdk.debug" value="release"/>
    <property name="surefire.test.class.path" value="C:\Users\Deepak Kumar\eclipse-workspace\NGMP\target\test-classes;C:\Users\Deepak Kumar\eclipse-workspace\NGMP\target\classes;C:\Users\Deepak Kumar\.m2\repository\io\cucumber\cucumber-java\7.15.0\cucumber-java-7.15.0.jar;C:\Users\Deepak Kumar\.m2\repository\io\cucumber\cucumber-core\7.15.0\cucumber-core-7.15.0.jar;C:\Users\Deepak Kumar\.m2\repository\io\cucumber\cucumber-gherkin\7.15.0\cucumber-gherkin-7.15.0.jar;C:\Users\Deepak Kumar\.m2\repository\io\cucumber\cucumber-gherkin-messages\7.15.0\cucumber-gherkin-messages-7.15.0.jar;C:\Users\Deepak Kumar\.m2\repository\io\cucumber\gherkin\26.2.0\gherkin-26.2.0.jar;C:\Users\Deepak Kumar\.m2\repository\io\cucumber\messages\22.0.0\messages-22.0.0.jar;C:\Users\Deepak Kumar\.m2\repository\io\cucumber\tag-expressions\6.0.0\tag-expressions-6.0.0.jar;C:\Users\Deepak Kumar\.m2\repository\io\cucumber\cucumber-expressions\17.0.1\cucumber-expressions-17.0.1.jar;C:\Users\Deepak Kumar\.m2\repository\io\cucumber\datatable\7.15.0\datatable-7.15.0.jar;C:\Users\Deepak Kumar\.m2\repository\io\cucumber\cucumber-plugin\7.15.0\cucumber-plugin-7.15.0.jar;C:\Users\Deepak Kumar\.m2\repository\io\cucumber\docstring\7.15.0\docstring-7.15.0.jar;C:\Users\Deepak Kumar\.m2\repository\io\cucumber\html-formatter\20.4.0\html-formatter-20.4.0.jar;C:\Users\Deepak Kumar\.m2\repository\io\cucumber\junit-xml-formatter\0.2.0\junit-xml-formatter-0.2.0.jar;C:\Users\Deepak Kumar\.m2\repository\io\cucumber\ci-environment\10.0.0\ci-environment-10.0.0.jar;C:\Users\Deepak Kumar\.m2\repository\org\apiguardian\apiguardian-api\1.1.2\apiguardian-api-1.1.2.jar;C:\Users\Deepak Kumar\.m2\repository\io\cucumber\cucumber-junit\7.15.0\cucumber-junit-7.15.0.jar;C:\Users\Deepak Kumar\.m2\repository\junit\junit\4.13.2\junit-4.13.2.jar;C:\Users\Deepak Kumar\.m2\repository\org\hamcrest\hamcrest-core\1.3\hamcrest-core-1.3.jar;C:\Users\Deepak Kumar\.m2\repository\io\rest-assured\rest-assured\5.4.0\rest-assured-5.4.0.jar;C:\Users\Deepak Kumar\.m2\repository\org\apache\groovy\groovy\4.0.16\groovy-4.0.16.jar;C:\Users\Deepak Kumar\.m2\repository\org\apache\groovy\groovy-xml\4.0.16\groovy-xml-4.0.16.jar;C:\Users\Deepak Kumar\.m2\repository\org\apache\httpcomponents\httpclient\4.5.13\httpclient-4.5.13.jar;C:\Users\Deepak Kumar\.m2\repository\org\apache\httpcomponents\httpcore\4.4.13\httpcore-4.4.13.jar;C:\Users\Deepak Kumar\.m2\repository\commons-logging\commons-logging\1.2\commons-logging-1.2.jar;C:\Users\Deepak Kumar\.m2\repository\commons-codec\commons-codec\1.11\commons-codec-1.11.jar;C:\Users\Deepak Kumar\.m2\repository\org\apache\httpcomponents\httpmime\4.5.13\httpmime-4.5.13.jar;C:\Users\Deepak Kumar\.m2\repository\org\ccil\cowan\tagsoup\tagsoup\1.2.1\tagsoup-1.2.1.jar;C:\Users\Deepak Kumar\.m2\repository\io\rest-assured\json-path\5.4.0\json-path-5.4.0.jar;C:\Users\Deepak Kumar\.m2\repository\org\apache\groovy\groovy-json\4.0.16\groovy-json-4.0.16.jar;C:\Users\Deepak Kumar\.m2\repository\io\rest-assured\rest-assured-common\5.4.0\rest-assured-common-5.4.0.jar;C:\Users\Deepak Kumar\.m2\repository\io\rest-assured\xml-path\5.4.0\xml-path-5.4.0.jar;C:\Users\Deepak Kumar\.m2\repository\org\apache\commons\commons-lang3\3.11\commons-lang3-3.11.jar;C:\Users\Deepak Kumar\.m2\repository\com\fasterxml\jackson\core\jackson-databind\2.16.1\jackson-databind-2.16.1.jar;C:\Users\Deepak Kumar\.m2\repository\com\fasterxml\jackson\core\jackson-annotations\2.16.1\jackson-annotations-2.16.1.jar;C:\Users\Deepak Kumar\.m2\repository\com\fasterxml\jackson\core\jackson-core\2.16.1\jackson-core-2.16.1.jar;C:\Users\Deepak Kumar\.m2\repository\org\junit\jupiter\junit-jupiter-api\5.10.2\junit-jupiter-api-5.10.2.jar;C:\Users\Deepak Kumar\.m2\repository\org\opentest4j\opentest4j\1.3.0\opentest4j-1.3.0.jar;C:\Users\Deepak Kumar\.m2\repository\org\junit\platform\junit-platform-commons\1.10.2\junit-platform-commons-1.10.2.jar;C:\Users\Deepak Kumar\.m2\repository\com\google\code\gson\gson\2.8.7\gson-2.8.7.jar;C:\Users\Deepak Kumar\.m2\repository\org\hamcrest\hamcrest\2.2\hamcrest-2.2.jar;"/>
    <property name="sun.cpu.endian" value="little"/>
    <property name="user.home" value="C:\Users\Deepak Kumar"/>
    <property name="user.language" value="en"/>
    <property name="java.specification.vendor" value="Oracle Corporation"/>
    <property name="java.version.date" value="2023-07-18"/>
    <property name="java.home" value="C:\Program Files\Java\jdk-17"/>
    <property name="file.separator" value="\"/>
    <property name="basedir" value="C:\Users\Deepak Kumar\eclipse-workspace\NGMP"/>
    <property name="java.vm.compressedOopsMode" value="Zero based"/>
    <property name="line.separator" value="&#10;"/>
    <property name="java.vm.specification.vendor" value="Oracle Corporation"/>
    <property name="java.specification.name" value="Java Platform API Specification"/>
    <property name="surefire.real.class.path" value="C:\Users\Deepak Kumar\AppData\Local\Temp\surefire1009095804864363343\surefirebooter-20240227141754439_3.jar"/>
    <property name="user.script" value=""/>
    <property name="sun.management.compiler" value="HotSpot 64-Bit Tiered Compilers"/>
    <property name="java.runtime.version" value="17.0.8+9-LTS-211"/>
    <property name="user.name" value="Deepak Kumar"/>
    <property name="path.separator" value=";"/>
    <property name="os.version" value="10.0"/>
    <property name="java.runtime.name" value="Java(TM) SE Runtime Environment"/>
    <property name="file.encoding" value="Cp1252"/>
    <property name="java.vm.name" value="Java HotSpot(TM) 64-Bit Server VM"/>
    <property name="localRepository" value="C:\Users\Deepak Kumar\.m2\repository"/>
    <property name="java.vendor.url.bug" value="https://bugreport.java.com/bugreport/"/>
    <property name="java.io.tmpdir" value="C:\Users\DEEPAK~1\AppData\Local\Temp\"/>
    <property name="java.version" value="17.0.8"/>
    <property name="user.dir" value="C:\Users\Deepak Kumar\eclipse-workspace\NGMP"/>
    <property name="os.arch" value="amd64"/>
    <property name="java.vm.specification.name" value="Java Virtual Machine Specification"/>
    <property name="sun.os.patch.level" value=""/>
    <property name="native.encoding" value="Cp1252"/>
    <property name="java.library.path" value="C:\Program Files\Java\jdk-17\bin;C:\WINDOWS\Sun\Java\bin;C:\WINDOWS\system32;C:\WINDOWS;C:\Program Files\Common Files\Oracle\Java\javapath;C:\WINDOWS\system32;C:\WINDOWS;C:\WINDOWS\System32\Wbem;C:\WINDOWS\System32\WindowsPowerShell\v1.0\;C:\WINDOWS\System32\OpenSSH\;C:\Program Files\Java\jdk-17\bin;C:\Program Files (x86)\Microsoft SQL Server\160\Tools\Binn\;C:\Program Files\Microsoft SQL Server\160\Tools\Binn\;C:\Program Files\Microsoft SQL Server\Client SDK\ODBC\170\Tools\Binn\;C:\Program Files\Microsoft SQL Server\160\DTS\Binn\;C:\Program Files (x86)\Microsoft SQL Server\160\DTS\Binn\;C:\Program Files\Azure Data Studio\bin;C:\Program Files\Git\cmd;C:\Program Files\Microsoft SQL Server\150\Tools\Binn\;C:\Program Files\nodejs\;C:\Users\Deepak Kumar\AppData\Local\Android\Sdk\tools\bin;C:\Users\Deepak Kumar\AppData\Local\Android\Sdk\tools;C:\Users\Deepak Kumar\AppData\Local\Android\Sdk\platform-tools;C:\Program Files\nodejs\node_modules\npm\bin;C:\Users\Deepak Kumar\AppData\Local\Microsoft\WindowsApps;C:\Program Files\Azure Data Studio\bin;C:\Users\Deepak Kumar\AppData\Local\GitHubDesktop\bin;C:\Users\Deepak Kumar\AppData\Roaming\npm;C:\Users\Deepak Kumar\AppData\Local\Programs\Microsoft VS Code\bin;C:\apache-maven-3.9.6\bin;;."/>
    <property name="java.vm.info" value="mixed mode, sharing"/>
    <property name="java.vendor" value="Oracle Corporation"/>
    <property name="java.vm.version" value="17.0.8+9-LTS-211"/>
    <property name="sun.io.unicode.encoding" value="UnicodeLittle"/>
    <property name="java.class.version" value="61.0"/>
  </properties>
  <testcase name="Verify if The List of Application no details is available using GetListOFDisposeApplication API" classname="Validation dispose API&apos;s" time="4.452">
    <system-out><![CDATA[vahancapi-dispose/getListOfDisposeApplication/{regn_no}/{appl_no}/{otp}
[{"transaction_no":"GJ231025M0641456","pur_cd":5,"regn_no":"GJ23BA0997","application_status":"S","request_dt":"2023-10-25T09:58:13.077+00:00","state_cd":"GJ","off_cd":1,"descr":"Transfer of Ownership"}]
]]></system-out>
  </testcase>
  <testcase name="Verify DetailsDiposeAppl API" classname="Validation dispose API&apos;s" time="0.145">
    <system-out><![CDATA[/vahancapi-dispose/detaildisposeapplication/{regn_no}/{chasi_no}/{appl_no}
{"state_cd":"GJ","state_name":"Gujarat","off_cd":23,"c_off_cd":null,"off_name":"ANAND","regn_no":"GJ23BA0997","regn_dt":"2015-01-20","regn_dtAsDate":null,"fit_uptoAsDate":null,"purchase_dt":"2015-01-17","owner_sr":1,"owner_name":"VASANTBHAI","f_name":"GANDABHAI PARMAR","c_add1":"A 20 SHRINATHJI PARK,BETHAK ROAD","c_add2":"AT KHAMBHAT TA KHAMBHAT","c_add3":"ANAND","c_district":0,"c_district_name":"","c_state":"GJ","c_state_name":"Gujarat","c_pincode":388620,"p_add1":"A 20 SHRINATHJI PARK,BETHAK ROAD","p_add2":"AT KHAMBHAT TA KHAMBHAT","p_add3":"ANAND","p_district":0,"p_district_name":"","p_state":"GJ","p_state_name":"Gujarat","p_pincode":388620,"owner_cd":1,"owner_cd_descr":"INDIVIDUAL","regn_type":"N","regn_type_descr":"NEW","vh_class":1,"vh_class_desc":"Motor Cycle/Scooter","chasi_no":"MBLJA12ACEGM09323","eng_no":"JA12ABEGM12853","eng_no_original":null,"maker":32,"maker_name":"Hero MotoCorp Ltd","model_cd":"PASSION XPRO DRS CAST","model_name":"PASSION XPRO DRS CAST","body_type":"SOLWPR SOLO+PILL. RIDER","no_cyl":1,"hp":110.0,"seat_cap":2,"stand_cap":null,"sleeper_cap":null,"unld_wt":118,"ld_wt":129,"gcw":0,"fuel":1,"fuel_descr":"PETROL","color":"RED BLACK","manu_mon":12,"manu_yr":2014,"norms":9,"norms_descr":"EURO 3","wheelbase":null,"cubic_cap":110.0,"floor_area":null,"ac_fitted":"N","audio_fitted":"N","video_fitted":"N","vch_purchase_as":"B","vch_catg":"2WN","vch_catg_desc":null,"dealer_cd":"GJ02300005","dlr_name":"PRAKASH MOTORS","dlr_add1":"HERO HONDA, RUPAPURA CHIKODARA","dlr_add2":"ANAND","dlr_add3":"","dlr_city":"","dlr_district":"482","dlr_pincode":"382010","sale_amt":46630,"laser_code":null,"garage_add":null,"length":null,"width":null,"height":null,"regn_upto":"2030-01-19","regn_uptoAsDate":null,"fit_upto":"2030-01-19","fit_upto_desc":null,"annual_income":null,"op_dt":"2015-01-21 11:41:27","imported_vch":"N","other_criteria":null,"status":"A","vehType":null,"vehTypeAsInt":0,"vch_purchase_asCode":null,"tax_mode":null,"permit_rto_cd":null,"transport_catg":null,"chasi_no_original":null,"eng_no_orignal":null,"formatRegn_dt":null,"numberOfTyres":null,"no_of_axles":null,"appl_no":null,"mobile_no":null,"email_id":null,"pan_no":null,"aadhar_no":null,"passport_no":null,"ration_card_no":null,"voter_id":null,"dl_no":null,"verified_on":null,"flag":null,"mobileNoEditable":null,"ownerCatg":null,"dlRequired":null,"dlValidationRequired":null,"conditionstatus":false,"owner_ctg":null,"dept_cd":null,"returnMessge":null}
]]></system-out>
  </testcase>
  <testcase name="Verify DisposeAPPL API" classname="Validation dispose API&apos;s" time="0.289">
    <system-out><![CDATA[1
GJ
GJ231025M0641456
GJ23BA0997
vahancapi-dispose/disposeApplication
["Detail not found with transaction id ."]
]]></system-out>
  </testcase>
</testsuite>